This file contains any messages produced by compilers while
running configure, to aid debugging if configure makes a mistake.

It was created by sprng configure 5, which was
generated by GNU Autoconf 2.69.  Invocation command line was

  $ ./configure --with-mpi=yes

## --------- ##
## Platform. ##
## --------- ##

hostname = DESKTOP-KG5JT97
uname -m = x86_64
uname -r = 4.4.0-19041-Microsoft
uname -s = Linux
uname -v = #488-Microsoft Mon Sep 01 13:43:00 PST 2020

/usr/bin/uname -p = x86_64
/bin/uname -X     = unknown

/bin/arch              = x86_64
/usr/bin/arch -k       = unknown
/usr/convex/getsysinfo = unknown
/usr/bin/hostinfo      = unknown
/bin/machine           = unknown
/usr/bin/oslevel       = unknown
/bin/universe          = unknown

PATH: /usr/local/sbin
PATH: /usr/local/bin
PATH: /usr/sbin
PATH: /usr/bin
PATH: /sbin
PATH: /bin
PATH: /usr/games
PATH: /usr/local/games
PATH: /mnt/c/MinGW/bin
PATH: /mnt/c/Program Files/Wolfram Research/WolframScript/
PATH: /mnt/c/Users/jinse/AppData/Local/Microsoft/WindowsApps
PATH: /mnt/c/Microsoft VS Code/bin
PATH: /mnt/c/ProgramData/Miniconda3
PATH: /mnt/c/PyCharm 2020.1.4/bin
PATH: /mnt/c/Users/jinse/AppData/Local/Microsoft/WindowsApps
PATH: /mnt/c/Users/jinse/AppData/Local/atom/bin
PATH: /mnt/c/Program Files/JetBrains/CLion 2020.2.4/bin
PATH: /mnt/c/Users/jinse/AppData/Local/hyper/app-3.0.2/resources/bin
PATH: /snap/bin


## ----------- ##
## Core tests. ##
## ----------- ##

configure:2673: checking build system type
configure:2687: result: x86_64-pc-linux-gnu
configure:2707: checking host system type
configure:2720: result: x86_64-pc-linux-gnu
configure:2740: checking target system type
configure:2753: result: x86_64-pc-linux-gnu
configure:2799: checking for a BSD-compatible install
configure:2867: result: /usr/bin/install -c
configure:2878: checking whether build environment is sane
configure:2933: result: yes
configure:3082: checking for a thread-safe mkdir -p
configure:3121: result: /usr/bin/mkdir -p
configure:3128: checking for gawk
configure:3144: found /usr/bin/gawk
configure:3155: result: gawk
configure:3166: checking whether make sets $(MAKE)
configure:3188: result: yes
configure:3217: checking whether make supports nested variables
configure:3234: result: yes
configure:3426: checking for style of include used by make
configure:3454: result: GNU
configure:3480: checking whether to compile using MPI
configure:3487: result: yes
configure:3543: checking for mpic++
configure:3559: found /usr/bin/mpic++
configure:3570: result: mpic++
configure:3708: checking for C++ compiler version
configure:3717: mpic++ --version >&5
g++ (Ubuntu 9.3.0-17ubuntu1~20.04) 9.3.0
Copyright (C) 2019 Free Software Foundation, Inc.
This is free software; see the source for copying conditions.  There is NO
warranty; not even for MERCHANTABILITY or FITNESS FOR A PARTICULAR PURPOSE.

configure:3728: $? = 0
configure:3717: mpic++ -v >&5
mpicxx for MPICH version 3.3.2
Using built-in specs.
COLLECT_GCC=g++
COLLECT_LTO_WRAPPER=/usr/lib/gcc/x86_64-linux-gnu/9/lto-wrapper
OFFLOAD_TARGET_NAMES=nvptx-none:hsa
OFFLOAD_TARGET_DEFAULT=1
Target: x86_64-linux-gnu
Configured with: ../src/configure -v --with-pkgversion='Ubuntu 9.3.0-17ubuntu1~20.04' --with-bugurl=file:///usr/share/doc/gcc-9/README.Bugs --enable-languages=c,ada,c++,go,brig,d,fortran,objc,obj-c++,gm2 --prefix=/usr --with-gcc-major-version-only --program-suffix=-9 --program-prefix=x86_64-linux-gnu- --enable-shared --enable-linker-build-id --libexecdir=/usr/lib --without-included-gettext --enable-threads=posix --libdir=/usr/lib --enable-nls --enable-clocale=gnu --enable-libstdcxx-debug --enable-libstdcxx-time=yes --with-default-libstdcxx-abi=new --enable-gnu-unique-object --disable-vtable-verify --enable-plugin --enable-default-pie --with-system-zlib --with-target-system-zlib=auto --enable-objc-gc=auto --enable-multiarch --disable-werror --with-arch-32=i686 --with-abi=m64 --with-multilib-list=m32,m64,mx32 --enable-multilib --with-tune=generic --enable-offload-targets=nvptx-none=/build/gcc-9-HskZEa/gcc-9-9.3.0/debian/tmp-nvptx/usr,hsa --without-cuda-driver --enable-checking=release --build=x86_64-linux-gnu --host=x86_64-linux-gnu --target=x86_64-linux-gnu
Thread model: posix
gcc version 9.3.0 (Ubuntu 9.3.0-17ubuntu1~20.04) 
configure:3728: $? = 0
configure:3717: mpic++ -V >&5
g++: error: unrecognized command line option '-V'
configure:3728: $? = 1
configure:3717: mpic++ -qversion >&5
g++: error: unrecognized command line option '-qversion'; did you mean '--version'?
configure:3728: $? = 1
configure:3748: checking whether the C++ compiler works
configure:3770: mpic++    conftest.cpp  >&5
configure:3774: $? = 0
configure:3822: result: yes
configure:3825: checking for C++ compiler default output file name
configure:3827: result: a.out
configure:3833: checking for suffix of executables
configure:3840: mpic++ -o conftest    conftest.cpp  >&5
configure:3844: $? = 0
configure:3866: result: 
configure:3888: checking whether we are cross compiling
configure:3896: mpic++ -o conftest    conftest.cpp  >&5
configure:3900: $? = 0
configure:3907: ./conftest
configure:3911: $? = 0
configure:3899: result: no
configure:3904: checking for suffix of object files
configure:3926: mpic++ -c   conftest.cpp >&5
configure:3930: $? = 0
configure:3951: result: o
configure:3955: checking whether we are using the GNU C++ compiler
configure:3974: mpic++ -c   conftest.cpp >&5
configure:3974: $? = 0
configure:3983: result: yes
configure:3992: checking whether mpic++ accepts -g
configure:4012: mpic++ -c -g  conftest.cpp >&5
configure:4012: $? = 0
configure:4053: result: yes
configure:4078: checking dependency style of mpic++
configure:4189: result: gcc3
configure:4232: checking for function MPI_Init
configure:4253: mpic++ -o conftest -g -O2   conftest.cpp  >&5
configure:4253: $? = 0
configure:4260: result: yes
configure:4271: checking for mpi.h
configure:4284: mpic++ -c -g -O2  conftest.cpp >&5
configure:4284: $? = 0
configure:4285: result: yes
configure:4378: checking for gcc
configure:4394: found /usr/bin/gcc
configure:4405: result: gcc
configure:4634: checking for C compiler version
configure:4643: gcc --version >&5
gcc (Ubuntu 9.3.0-17ubuntu1~20.04) 9.3.0
Copyright (C) 2019 Free Software Foundation, Inc.
This is free software; see the source for copying conditions.  There is NO
warranty; not even for MERCHANTABILITY or FITNESS FOR A PARTICULAR PURPOSE.

configure:4654: $? = 0
configure:4643: gcc -v >&5
Using built-in specs.
COLLECT_GCC=gcc
COLLECT_LTO_WRAPPER=/usr/lib/gcc/x86_64-linux-gnu/9/lto-wrapper
OFFLOAD_TARGET_NAMES=nvptx-none:hsa
OFFLOAD_TARGET_DEFAULT=1
Target: x86_64-linux-gnu
Configured with: ../src/configure -v --with-pkgversion='Ubuntu 9.3.0-17ubuntu1~20.04' --with-bugurl=file:///usr/share/doc/gcc-9/README.Bugs --enable-languages=c,ada,c++,go,brig,d,fortran,objc,obj-c++,gm2 --prefix=/usr --with-gcc-major-version-only --program-suffix=-9 --program-prefix=x86_64-linux-gnu- --enable-shared --enable-linker-build-id --libexecdir=/usr/lib --without-included-gettext --enable-threads=posix --libdir=/usr/lib --enable-nls --enable-clocale=gnu --enable-libstdcxx-debug --enable-libstdcxx-time=yes --with-default-libstdcxx-abi=new --enable-gnu-unique-object --disable-vtable-verify --enable-plugin --enable-default-pie --with-system-zlib --with-target-system-zlib=auto --enable-objc-gc=auto --enable-multiarch --disable-werror --with-arch-32=i686 --with-abi=m64 --with-multilib-list=m32,m64,mx32 --enable-multilib --with-tune=generic --enable-offload-targets=nvptx-none=/build/gcc-9-HskZEa/gcc-9-9.3.0/debian/tmp-nvptx/usr,hsa --without-cuda-driver --enable-checking=release --build=x86_64-linux-gnu --host=x86_64-linux-gnu --target=x86_64-linux-gnu
Thread model: posix
gcc version 9.3.0 (Ubuntu 9.3.0-17ubuntu1~20.04) 
configure:4654: $? = 0
configure:4643: gcc -V >&5
gcc: error: unrecognized command line option '-V'
gcc: fatal error: no input files
compilation terminated.
configure:4654: $? = 1
configure:4643: gcc -qversion >&5
gcc: error: unrecognized command line option '-qversion'; did you mean '--version'?
gcc: fatal error: no input files
compilation terminated.
configure:4654: $? = 1
configure:4658: checking whether we are using the GNU C compiler
configure:4677: gcc -c   conftest.c >&5
configure:4677: $? = 0
configure:4686: result: yes
configure:4695: checking whether gcc accepts -g
configure:4715: gcc -c -g  conftest.c >&5
configure:4715: $? = 0
configure:4756: result: yes
configure:4773: checking for gcc option to accept ISO C89
configure:4836: gcc  -c -g -O2  conftest.c >&5
configure:4836: $? = 0
configure:4849: result: none needed
configure:4874: checking whether gcc understands -c and -o together
configure:4896: gcc -c conftest.c -o conftest2.o
configure:4899: $? = 0
configure:4896: gcc -c conftest.c -o conftest2.o
configure:4899: $? = 0
configure:4911: result: yes
configure:4930: checking dependency style of gcc
configure:5041: result: gcc3
configure:5061: checking how to run the C preprocessor
configure:5092: gcc -E  conftest.c
configure:5092: $? = 0
configure:5106: gcc -E  conftest.c
conftest.c:11:10: fatal error: ac_nonexistent.h: No such file or directory
   11 | #include <ac_nonexistent.h>
      |          ^~~~~~~~~~~~~~~~~~
compilation terminated.
configure:5106: $? = 1
configure: failed program was:
| /* confdefs.h */
| #define PACKAGE_NAME "sprng"
| #define PACKAGE_TARNAME "sprng"
| #define PACKAGE_VERSION "5"
| #define PACKAGE_STRING "sprng 5"
| #define PACKAGE_BUGREPORT ""
| #define PACKAGE_URL ""
| #define PACKAGE "sprng"
| #define VERSION "5"
| /* end confdefs.h.  */
| #include <ac_nonexistent.h>
configure:5131: result: gcc -E
configure:5151: gcc -E  conftest.c
configure:5151: $? = 0
configure:5165: gcc -E  conftest.c
conftest.c:11:10: fatal error: ac_nonexistent.h: No such file or directory
   11 | #include <ac_nonexistent.h>
      |          ^~~~~~~~~~~~~~~~~~
compilation terminated.
configure:5165: $? = 1
configure: failed program was:
| /* confdefs.h */
| #define PACKAGE_NAME "sprng"
| #define PACKAGE_TARNAME "sprng"
| #define PACKAGE_VERSION "5"
| #define PACKAGE_STRING "sprng 5"
| #define PACKAGE_BUGREPORT ""
| #define PACKAGE_URL ""
| #define PACKAGE "sprng"
| #define VERSION "5"
| /* end confdefs.h.  */
| #include <ac_nonexistent.h>
configure:5197: checking whether to compile using MPI
configure:5204: result: yes
configure:5260: checking for mpif77
configure:5276: found /usr/bin/mpif77
configure:5287: result: mpif77
configure:5419: checking for Fortran 77 compiler version
configure:5428: mpif77 --version >&5
GNU Fortran (Ubuntu 9.3.0-17ubuntu1~20.04) 9.3.0
Copyright (C) 2019 Free Software Foundation, Inc.
This is free software; see the source for copying conditions.  There is NO
warranty; not even for MERCHANTABILITY or FITNESS FOR A PARTICULAR PURPOSE.

configure:5439: $? = 0
configure:5428: mpif77 -v >&5
mpifort for MPICH version 3.3.2
Using built-in specs.
COLLECT_GCC=f95
COLLECT_LTO_WRAPPER=/usr/lib/gcc/x86_64-linux-gnu/9/lto-wrapper
OFFLOAD_TARGET_NAMES=nvptx-none:hsa
OFFLOAD_TARGET_DEFAULT=1
Target: x86_64-linux-gnu
Configured with: ../src/configure -v --with-pkgversion='Ubuntu 9.3.0-17ubuntu1~20.04' --with-bugurl=file:///usr/share/doc/gcc-9/README.Bugs --enable-languages=c,ada,c++,go,brig,d,fortran,objc,obj-c++,gm2 --prefix=/usr --with-gcc-major-version-only --program-suffix=-9 --program-prefix=x86_64-linux-gnu- --enable-shared --enable-linker-build-id --libexecdir=/usr/lib --without-included-gettext --enable-threads=posix --libdir=/usr/lib --enable-nls --enable-clocale=gnu --enable-libstdcxx-debug --enable-libstdcxx-time=yes --with-default-libstdcxx-abi=new --enable-gnu-unique-object --disable-vtable-verify --enable-plugin --enable-default-pie --with-system-zlib --with-target-system-zlib=auto --enable-objc-gc=auto --enable-multiarch --disable-werror --with-arch-32=i686 --with-abi=m64 --with-multilib-list=m32,m64,mx32 --enable-multilib --with-tune=generic --enable-offload-targets=nvptx-none=/build/gcc-9-HskZEa/gcc-9-9.3.0/debian/tmp-nvptx/usr,hsa --without-cuda-driver --enable-checking=release --build=x86_64-linux-gnu --host=x86_64-linux-gnu --target=x86_64-linux-gnu
Thread model: posix
gcc version 9.3.0 (Ubuntu 9.3.0-17ubuntu1~20.04) 
configure:5439: $? = 0
configure:5428: mpif77 -V >&5
f95: error: unrecognized command line option '-V'
configure:5439: $? = 1
configure:5428: mpif77 -qversion >&5
f95: error: unrecognized command line option '-qversion'; did you mean '--version'?
configure:5439: $? = 1
configure:5448: checking whether we are using the GNU Fortran 77 compiler
configure:5461: mpif77 -c  conftest.F >&5
configure:5461: $? = 0
configure:5470: result: yes
configure:5476: checking whether mpif77 accepts -g
configure:5487: mpif77 -c -g conftest.f >&5
configure:5487: $? = 0
configure:5495: result: yes
configure:5551: checking for function MPI_INIT
configure:5563: mpif77 -o conftest -g -O2  conftest.f  >&5
configure:5563: $? = 0
configure:5570: result: yes
configure:5581: checking for mpif.h
configure:5590: mpif77 -c -g -O2 conftest.f >&5
configure:5590: $? = 0
configure:5591: result: yes
configure:5645: checking how to get verbose linking output from mpif77
configure:5655: mpif77 -c -g -O2 conftest.f >&5
configure:5655: $? = 0
configure:5673: mpif77 -o conftest -g -O2 -v conftest.f
mpifort for MPICH version 3.3.2
Using built-in specs.
Target: x86_64-linux-gnu
Thread model: posix
gcc version 9.3.0 (Ubuntu 9.3.0-17ubuntu1~20.04) 
 /usr/lib/gcc/x86_64-linux-gnu/9/f951 conftest.f -ffixed-form -I /usr/include/x86_64-linux-gnu/mpich -I /usr/include/x86_64-linux-gnu/mpich -quiet -dumpbase conftest.f -mtune=generic -march=x86-64 -auxbase conftest -g -O2 -version -fintrinsic-modules-path /usr/lib/gcc/x86_64-linux-gnu/9/finclude -fpre-include=/usr/include/finclude/math-vector-fortran.h -o /tmp/ccH57K9P.s
GNU Fortran (Ubuntu 9.3.0-17ubuntu1~20.04) version 9.3.0 (x86_64-linux-gnu)
	compiled by GNU C version 9.3.0, GMP version 6.2.0, MPFR version 4.0.2, MPC version 1.1.0, isl version isl-0.22.1-GMP

GGC heuristics: --param ggc-min-expand=100 --param ggc-min-heapsize=131072
GNU Fortran2008 (Ubuntu 9.3.0-17ubuntu1~20.04) version 9.3.0 (x86_64-linux-gnu)
	compiled by GNU C version 9.3.0, GMP version 6.2.0, MPFR version 4.0.2, MPC version 1.1.0, isl version isl-0.22.1-GMP

GGC heuristics: --param ggc-min-expand=100 --param ggc-min-heapsize=131072
 as -v -I /usr/include/x86_64-linux-gnu/mpich -I /usr/include/x86_64-linux-gnu/mpich --64 -o /tmp/ccbflFPO.o /tmp/ccH57K9P.s
GNU assembler version 2.34 (x86_64-linux-gnu) using BFD version (GNU Binutils for Ubuntu) 2.34
Reading specs from /usr/lib/gcc/x86_64-linux-gnu/9/libgfortran.spec
rename spec lib to liborig
 /usr/lib/gcc/x86_64-linux-gnu/9/collect2 -plugin /usr/lib/gcc/x86_64-linux-gnu/9/liblto_plugin.so -plugin-opt=/usr/lib/gcc/x86_64-linux-gnu/9/lto-wrapper -plugin-opt=-fresolution=/tmp/cc9nu3MQ.res -plugin-opt=-pass-through=-lgcc_s -plugin-opt=-pass-through=-lgcc -plugin-opt=-pass-through=-lquadmath -plugin-opt=-pass-through=-lm -plugin-opt=-pass-through=-lgcc_s -plugin-opt=-pass-through=-lgcc -plugin-opt=-pass-through=-lc -plugin-opt=-pass-through=-lgcc_s -plugin-opt=-pass-through=-lgcc --build-id --eh-frame-hdr -m elf_x86_64 --hash-style=gnu --as-needed -dynamic-linker /lib64/ld-linux-x86-64.so.2 -pie -z now -z relro -o conftest /usr/lib/gcc/x86_64-linux-gnu/9/../../../x86_64-linux-gnu/Scrt1.o /usr/lib/gcc/x86_64-linux-gnu/9/../../../x86_64-linux-gnu/crti.o /usr/lib/gcc/x86_64-linux-gnu/9/crtbeginS.o -L/usr/lib/x86_64-linux-gnu -L/usr/lib/gcc/x86_64-linux-gnu/9 -L/usr/lib/gcc/x86_64-linux-gnu/9/../../../x86_64-linux-gnu -L/usr/lib/gcc/x86_64-linux-gnu/9/../../../../lib -L/lib/x86_64-linux-gnu -L/lib/../lib -L/usr/lib/x86_64-linux-gnu -L/usr/lib/../lib -L/usr/lib/gcc/x86_64-linux-gnu/9/../../.. -Bsymbolic-functions -z relro /tmp/ccbflFPO.o -lmpichfort -lmpich -lgfortran -lm -lgcc_s -lgcc -lquadmath -lm -lgcc_s -lgcc -lc -lgcc_s -lgcc /usr/lib/gcc/x86_64-linux-gnu/9/crtendS.o /usr/lib/gcc/x86_64-linux-gnu/9/../../../x86_64-linux-gnu/crtn.o
configure:5756: result: -v
configure:5758: checking for Fortran 77 libraries of mpif77
configure:5781: mpif77 -o conftest -g -O2 -v conftest.f
mpifort for MPICH version 3.3.2
Using built-in specs.
Target: x86_64-linux-gnu
Thread model: posix
gcc version 9.3.0 (Ubuntu 9.3.0-17ubuntu1~20.04) 
 /usr/lib/gcc/x86_64-linux-gnu/9/f951 conftest.f -ffixed-form -I /usr/include/x86_64-linux-gnu/mpich -I /usr/include/x86_64-linux-gnu/mpich -quiet -dumpbase conftest.f -mtune=generic -march=x86-64 -auxbase conftest -g -O2 -version -fintrinsic-modules-path /usr/lib/gcc/x86_64-linux-gnu/9/finclude -fpre-include=/usr/include/finclude/math-vector-fortran.h -o /tmp/ccENxmVv.s
GNU Fortran (Ubuntu 9.3.0-17ubuntu1~20.04) version 9.3.0 (x86_64-linux-gnu)
	compiled by GNU C version 9.3.0, GMP version 6.2.0, MPFR version 4.0.2, MPC version 1.1.0, isl version isl-0.22.1-GMP

GGC heuristics: --param ggc-min-expand=100 --param ggc-min-heapsize=131072
GNU Fortran2008 (Ubuntu 9.3.0-17ubuntu1~20.04) version 9.3.0 (x86_64-linux-gnu)
	compiled by GNU C version 9.3.0, GMP version 6.2.0, MPFR version 4.0.2, MPC version 1.1.0, isl version isl-0.22.1-GMP

GGC heuristics: --param ggc-min-expand=100 --param ggc-min-heapsize=131072
 as -v -I /usr/include/x86_64-linux-gnu/mpich -I /usr/include/x86_64-linux-gnu/mpich --64 -o /tmp/ccxIWG1s.o /tmp/ccENxmVv.s
GNU assembler version 2.34 (x86_64-linux-gnu) using BFD version (GNU Binutils for Ubuntu) 2.34
Reading specs from /usr/lib/gcc/x86_64-linux-gnu/9/libgfortran.spec
rename spec lib to liborig
 /usr/lib/gcc/x86_64-linux-gnu/9/collect2 -plugin /usr/lib/gcc/x86_64-linux-gnu/9/liblto_plugin.so -plugin-opt=/usr/lib/gcc/x86_64-linux-gnu/9/lto-wrapper -plugin-opt=-fresolution=/tmp/cc7kVc6u.res -plugin-opt=-pass-through=-lgcc_s -plugin-opt=-pass-through=-lgcc -plugin-opt=-pass-through=-lquadmath -plugin-opt=-pass-through=-lm -plugin-opt=-pass-through=-lgcc_s -plugin-opt=-pass-through=-lgcc -plugin-opt=-pass-through=-lc -plugin-opt=-pass-through=-lgcc_s -plugin-opt=-pass-through=-lgcc --build-id --eh-frame-hdr -m elf_x86_64 --hash-style=gnu --as-needed -dynamic-linker /lib64/ld-linux-x86-64.so.2 -pie -z now -z relro -o conftest /usr/lib/gcc/x86_64-linux-gnu/9/../../../x86_64-linux-gnu/Scrt1.o /usr/lib/gcc/x86_64-linux-gnu/9/../../../x86_64-linux-gnu/crti.o /usr/lib/gcc/x86_64-linux-gnu/9/crtbeginS.o -L/usr/lib/x86_64-linux-gnu -L/usr/lib/gcc/x86_64-linux-gnu/9 -L/usr/lib/gcc/x86_64-linux-gnu/9/../../../x86_64-linux-gnu -L/usr/lib/gcc/x86_64-linux-gnu/9/../../../../lib -L/lib/x86_64-linux-gnu -L/lib/../lib -L/usr/lib/x86_64-linux-gnu -L/usr/lib/../lib -L/usr/lib/gcc/x86_64-linux-gnu/9/../../.. -Bsymbolic-functions -z relro /tmp/ccxIWG1s.o -lmpichfort -lmpich -lgfortran -lm -lgcc_s -lgcc -lquadmath -lm -lgcc_s -lgcc -lc -lgcc_s -lgcc /usr/lib/gcc/x86_64-linux-gnu/9/crtendS.o /usr/lib/gcc/x86_64-linux-gnu/9/../../../x86_64-linux-gnu/crtn.o
configure:5977: result:  -L/usr/lib/x86_64-linux-gnu -L/usr/lib/gcc/x86_64-linux-gnu/9 -L/usr/lib/gcc/x86_64-linux-gnu/9/../../../x86_64-linux-gnu -L/usr/lib/gcc/x86_64-linux-gnu/9/../../../../lib -L/lib/x86_64-linux-gnu -L/lib/../lib -L/usr/lib/../lib -L/usr/lib/gcc/x86_64-linux-gnu/9/../../.. -lmpichfort -lmpich -lgfortran -lm -lquadmath
configure:5992: checking for main in -lm
configure:6011: gcc -o conftest -g -O2   conftest.c -lm   >&5
configure:6011: $? = 0
configure:6020: result: yes
configure:6075: checking for ranlib
configure:6091: found /usr/bin/ranlib
configure:6102: result: ranlib
configure:6128: checking for bash
configure:6158: result: /bin/bash
configure:6175: checking for grep that handles long lines and -e
configure:6233: result: /usr/bin/grep
configure:6238: checking for egrep
configure:6300: result: /usr/bin/grep -E
configure:6305: checking for ANSI C header files
configure:6325: gcc -c -g -O2  conftest.c >&5
configure:6325: $? = 0
configure:6398: gcc -o conftest -g -O2   conftest.c -lm  >&5
configure:6398: $? = 0
configure:6398: ./conftest
configure:6398: $? = 0
configure:6409: result: yes
configure:6422: checking for sys/types.h
configure:6422: gcc -c -g -O2  conftest.c >&5
configure:6422: $? = 0
configure:6422: result: yes
configure:6422: checking for sys/stat.h
configure:6422: gcc -c -g -O2  conftest.c >&5
configure:6422: $? = 0
configure:6422: result: yes
configure:6422: checking for stdlib.h
configure:6422: gcc -c -g -O2  conftest.c >&5
configure:6422: $? = 0
configure:6422: result: yes
configure:6422: checking for string.h
configure:6422: gcc -c -g -O2  conftest.c >&5
configure:6422: $? = 0
configure:6422: result: yes
configure:6422: checking for memory.h
configure:6422: gcc -c -g -O2  conftest.c >&5
configure:6422: $? = 0
configure:6422: result: yes
configure:6422: checking for strings.h
configure:6422: gcc -c -g -O2  conftest.c >&5
configure:6422: $? = 0
configure:6422: result: yes
configure:6422: checking for inttypes.h
configure:6422: gcc -c -g -O2  conftest.c >&5
configure:6422: $? = 0
configure:6422: result: yes
configure:6422: checking for stdint.h
configure:6422: gcc -c -g -O2  conftest.c >&5
configure:6422: $? = 0
configure:6422: result: yes
configure:6422: checking for unistd.h
configure:6422: gcc -c -g -O2  conftest.c >&5
configure:6422: $? = 0
configure:6422: result: yes
configure:6437: checking limits.h usability
configure:6437: gcc -c -g -O2  conftest.c >&5
configure:6437: $? = 0
configure:6437: result: yes
configure:6437: checking limits.h presence
configure:6437: gcc -E  conftest.c
configure:6437: $? = 0
configure:6437: result: yes
configure:6437: checking for limits.h
configure:6437: result: yes
configure:6437: checking stddef.h usability
configure:6437: gcc -c -g -O2  conftest.c >&5
configure:6437: $? = 0
configure:6437: result: yes
configure:6437: checking stddef.h presence
configure:6437: gcc -E  conftest.c
configure:6437: $? = 0
configure:6437: result: yes
configure:6437: checking for stddef.h
configure:6437: result: yes
configure:6437: checking for stdlib.h
configure:6437: result: yes
configure:6437: checking for string.h
configure:6437: result: yes
configure:6437: checking sys/time.h usability
configure:6437: gcc -c -g -O2  conftest.c >&5
configure:6437: $? = 0
configure:6437: result: yes
configure:6437: checking sys/time.h presence
configure:6437: gcc -E  conftest.c
configure:6437: $? = 0
configure:6437: result: yes
configure:6437: checking for sys/time.h
configure:6437: result: yes
configure:6452: checking size of long int
configure:6457: gcc -o conftest -g -O2   conftest.c -lm  >&5
configure:6457: $? = 0
configure:6457: ./conftest
configure:6457: $? = 0
configure:6471: result: 8
configure:6577: checking fft.h usability
configure:6577: gcc -c -g -O2  conftest.c >&5
conftest.c:61:10: fatal error: fft.h: No such file or directory
   61 | #include <fft.h>
      |          ^~~~~~~
compilation terminated.
configure:6577: $? = 1
configure: failed program was:
| /* confdefs.h */
| #define PACKAGE_NAME "sprng"
| #define PACKAGE_TARNAME "sprng"
| #define PACKAGE_VERSION "5"
| #define PACKAGE_STRING "sprng 5"
| #define PACKAGE_BUGREPORT ""
| #define PACKAGE_URL ""
| #define PACKAGE "sprng"
| #define VERSION "5"
| #define HAVE_LIBM 1
| #define STDC_HEADERS 1
| #define HAVE_SYS_TYPES_H 1
| #define HAVE_SYS_STAT_H 1
| #define HAVE_STDLIB_H 1
| #define HAVE_STRING_H 1
| #define HAVE_MEMORY_H 1
| #define HAVE_STRINGS_H 1
| #define HAVE_INTTYPES_H 1
| #define HAVE_STDINT_H 1
| #define HAVE_UNISTD_H 1
| #define HAVE_LIMITS_H 1
| #define HAVE_STDDEF_H 1
| #define HAVE_STDLIB_H 1
| #define HAVE_STRING_H 1
| #define HAVE_SYS_TIME_H 1
| #define SIZEOF_LONG_INT 8
| /* end confdefs.h.  */
| #include <stdio.h>
| #ifdef HAVE_SYS_TYPES_H
| # include <sys/types.h>
| #endif
| #ifdef HAVE_SYS_STAT_H
| # include <sys/stat.h>
| #endif
| #ifdef STDC_HEADERS
| # include <stdlib.h>
| # include <stddef.h>
| #else
| # ifdef HAVE_STDLIB_H
| #  include <stdlib.h>
| # endif
| #endif
| #ifdef HAVE_STRING_H
| # if !defined STDC_HEADERS && defined HAVE_MEMORY_H
| #  include <memory.h>
| # endif
| # include <string.h>
| #endif
| #ifdef HAVE_STRINGS_H
| # include <strings.h>
| #endif
| #ifdef HAVE_INTTYPES_H
| # include <inttypes.h>
| #endif
| #ifdef HAVE_STDINT_H
| # include <stdint.h>
| #endif
| #ifdef HAVE_UNISTD_H
| # include <unistd.h>
| #endif
| #include <fft.h>
configure:6577: result: no
configure:6577: checking fft.h presence
configure:6577: gcc -E  conftest.c
conftest.c:28:10: fatal error: fft.h: No such file or directory
   28 | #include <fft.h>
      |          ^~~~~~~
compilation terminated.
configure:6577: $? = 1
configure: failed program was:
| /* confdefs.h */
| #define PACKAGE_NAME "sprng"
| #define PACKAGE_TARNAME "sprng"
| #define PACKAGE_VERSION "5"
| #define PACKAGE_STRING "sprng 5"
| #define PACKAGE_BUGREPORT ""
| #define PACKAGE_URL ""
| #define PACKAGE "sprng"
| #define VERSION "5"
| #define HAVE_LIBM 1
| #define STDC_HEADERS 1
| #define HAVE_SYS_TYPES_H 1
| #define HAVE_SYS_STAT_H 1
| #define HAVE_STDLIB_H 1
| #define HAVE_STRING_H 1
| #define HAVE_MEMORY_H 1
| #define HAVE_STRINGS_H 1
| #define HAVE_INTTYPES_H 1
| #define HAVE_STDINT_H 1
| #define HAVE_UNISTD_H 1
| #define HAVE_LIMITS_H 1
| #define HAVE_STDDEF_H 1
| #define HAVE_STDLIB_H 1
| #define HAVE_STRING_H 1
| #define HAVE_SYS_TIME_H 1
| #define SIZEOF_LONG_INT 8
| /* end confdefs.h.  */
| #include <fft.h>
configure:6577: result: no
configure:6577: checking for fft.h
configure:6577: result: no
configure:6586: checking for dzfft2dui
configure:6586: gcc -o conftest -g -O2   conftest.c -lm  >&5
/usr/bin/ld: /tmp/ccx3gXAu.o: in function `main':
/mnt/c/Users/jinse/CLionProjects/InfiniteParallelPlaneCharge/sprng5/conftest.c:62: undefined reference to `dzfft2dui'
collect2: error: ld returned 1 exit status
configure:6586: $? = 1
configure: failed program was:
| /* confdefs.h */
| #define PACKAGE_NAME "sprng"
| #define PACKAGE_TARNAME "sprng"
| #define PACKAGE_VERSION "5"
| #define PACKAGE_STRING "sprng 5"
| #define PACKAGE_BUGREPORT ""
| #define PACKAGE_URL ""
| #define PACKAGE "sprng"
| #define VERSION "5"
| #define HAVE_LIBM 1
| #define STDC_HEADERS 1
| #define HAVE_SYS_TYPES_H 1
| #define HAVE_SYS_STAT_H 1
| #define HAVE_STDLIB_H 1
| #define HAVE_STRING_H 1
| #define HAVE_MEMORY_H 1
| #define HAVE_STRINGS_H 1
| #define HAVE_INTTYPES_H 1
| #define HAVE_STDINT_H 1
| #define HAVE_UNISTD_H 1
| #define HAVE_LIMITS_H 1
| #define HAVE_STDDEF_H 1
| #define HAVE_STDLIB_H 1
| #define HAVE_STRING_H 1
| #define HAVE_SYS_TIME_H 1
| #define SIZEOF_LONG_INT 8
| /* end confdefs.h.  */
| /* Define dzfft2dui to an innocuous variant, in case <limits.h> declares dzfft2dui.
|    For example, HP-UX 11i <limits.h> declares gettimeofday.  */
| #define dzfft2dui innocuous_dzfft2dui
| 
| /* System header to define __stub macros and hopefully few prototypes,
|     which can conflict with char dzfft2dui (); below.
|     Prefer <limits.h> to <assert.h> if __STDC__ is defined, since
|     <limits.h> exists even on freestanding compilers.  */
| 
| #ifdef __STDC__
| # include <limits.h>
| #else
| # include <assert.h>
| #endif
| 
| #undef dzfft2dui
| 
| /* Override any GCC internal prototype to avoid an error.
|    Use char because int might match the return type of a GCC
|    builtin and then its argument prototype would still apply.  */
| #ifdef __cplusplus
| extern "C"
| #endif
| char dzfft2dui ();
| /* The GNU C library defines this for functions which it implements
|     to always fail with ENOSYS.  Some functions are actually named
|     something starting with __ and the normal name is an alias.  */
| #if defined __stub_dzfft2dui || defined __stub___dzfft2dui
| choke me
| #endif
| 
| int
| main ()
| {
| return dzfft2dui ();
|   ;
|   return 0;
| }
configure:6586: result: no
configure:6603: checking whether byte ordering is bigendian
configure:6618: gcc -c -g -O2  conftest.c >&5
conftest.c:29:9: error: unknown type name 'not'
   29 |         not a universal capable compiler
      |         ^~~
conftest.c:29:15: error: expected '=', ',', ';', 'asm' or '__attribute__' before 'universal'
   29 |         not a universal capable compiler
      |               ^~~~~~~~~
conftest.c:29:15: error: unknown type name 'universal'
configure:6618: $? = 1
configure: failed program was:
| /* confdefs.h */
| #define PACKAGE_NAME "sprng"
| #define PACKAGE_TARNAME "sprng"
| #define PACKAGE_VERSION "5"
| #define PACKAGE_STRING "sprng 5"
| #define PACKAGE_BUGREPORT ""
| #define PACKAGE_URL ""
| #define PACKAGE "sprng"
| #define VERSION "5"
| #define HAVE_LIBM 1
| #define STDC_HEADERS 1
| #define HAVE_SYS_TYPES_H 1
| #define HAVE_SYS_STAT_H 1
| #define HAVE_STDLIB_H 1
| #define HAVE_STRING_H 1
| #define HAVE_MEMORY_H 1
| #define HAVE_STRINGS_H 1
| #define HAVE_INTTYPES_H 1
| #define HAVE_STDINT_H 1
| #define HAVE_UNISTD_H 1
| #define HAVE_LIMITS_H 1
| #define HAVE_STDDEF_H 1
| #define HAVE_STDLIB_H 1
| #define HAVE_STRING_H 1
| #define HAVE_SYS_TIME_H 1
| #define SIZEOF_LONG_INT 8
| /* end confdefs.h.  */
| #ifndef __APPLE_CC__
| 	       not a universal capable compiler
| 	     #endif
| 	     typedef int dummy;
| 
configure:6663: gcc -c -g -O2  conftest.c >&5
configure:6663: $? = 0
configure:6681: gcc -c -g -O2  conftest.c >&5
conftest.c: In function 'main':
conftest.c:35:4: error: unknown type name 'not'; did you mean 'ino_t'?
   35 |    not big endian
      |    ^~~
      |    ino_t
conftest.c:35:12: error: expected '=', ',', ';', 'asm' or '__attribute__' before 'endian'
   35 |    not big endian
      |            ^~~~~~
configure:6681: $? = 1
configure: failed program was:
| /* confdefs.h */
| #define PACKAGE_NAME "sprng"
| #define PACKAGE_TARNAME "sprng"
| #define PACKAGE_VERSION "5"
| #define PACKAGE_STRING "sprng 5"
| #define PACKAGE_BUGREPORT ""
| #define PACKAGE_URL ""
| #define PACKAGE "sprng"
| #define VERSION "5"
| #define HAVE_LIBM 1
| #define STDC_HEADERS 1
| #define HAVE_SYS_TYPES_H 1
| #define HAVE_SYS_STAT_H 1
| #define HAVE_STDLIB_H 1
| #define HAVE_STRING_H 1
| #define HAVE_MEMORY_H 1
| #define HAVE_STRINGS_H 1
| #define HAVE_INTTYPES_H 1
| #define HAVE_STDINT_H 1
| #define HAVE_UNISTD_H 1
| #define HAVE_LIMITS_H 1
| #define HAVE_STDDEF_H 1
| #define HAVE_STDLIB_H 1
| #define HAVE_STRING_H 1
| #define HAVE_SYS_TIME_H 1
| #define SIZEOF_LONG_INT 8
| /* end confdefs.h.  */
| #include <sys/types.h>
| 		#include <sys/param.h>
| 
| int
| main ()
| {
| #if BYTE_ORDER != BIG_ENDIAN
| 		 not big endian
| 		#endif
| 
|   ;
|   return 0;
| }
configure:6809: result: no
configure:6832: checking size of int *
configure:6837: gcc -o conftest -g -O2   conftest.c -lm  >&5
configure:6837: $? = 0
configure:6837: ./conftest
configure:6837: $? = 0
configure:6851: result: 8
configure:6876: checking size of double
configure:6881: gcc -o conftest -g -O2   conftest.c -lm  >&5
configure:6881: $? = 0
configure:6881: ./conftest
configure:6881: $? = 0
configure:6895: result: 8
configure:6909: checking size of float
configure:6914: gcc -o conftest -g -O2   conftest.c -lm  >&5
configure:6914: $? = 0
configure:6914: ./conftest
configure:6914: $? = 0
configure:6928: result: 4
configure:6950: checking for dummy main to link with Fortran 77 libraries
configure:6984: gcc -o conftest -g -O2   conftest.c -lm   -L/usr/lib/x86_64-linux-gnu -L/usr/lib/gcc/x86_64-linux-gnu/9 -L/usr/lib/gcc/x86_64-linux-gnu/9/../../../x86_64-linux-gnu -L/usr/lib/gcc/x86_64-linux-gnu/9/../../../../lib -L/lib/x86_64-linux-gnu -L/lib/../lib -L/usr/lib/../lib -L/usr/lib/gcc/x86_64-linux-gnu/9/../../.. -lmpichfort -lmpich -lgfortran -lm -lquadmath >&5
configure:6984: $? = 0
configure:7029: result: none
configure:7062: checking for Fortran 77 name-mangling scheme
configure:7075: mpif77 -c -g -O2 conftest.f >&5
configure:7075: $? = 0
configure:7116: gcc -o conftest -g -O2   conftest.c cfortran_test.o -lm   -L/usr/lib/x86_64-linux-gnu -L/usr/lib/gcc/x86_64-linux-gnu/9 -L/usr/lib/gcc/x86_64-linux-gnu/9/../../../x86_64-linux-gnu -L/usr/lib/gcc/x86_64-linux-gnu/9/../../../../lib -L/lib/x86_64-linux-gnu -L/lib/../lib -L/usr/lib/../lib -L/usr/lib/gcc/x86_64-linux-gnu/9/../../.. -lmpichfort -lmpich -lgfortran -lm -lquadmath >&5
/usr/bin/ld: /tmp/ccZtpJyd.o: in function `main':
/mnt/c/Users/jinse/CLionProjects/InfiniteParallelPlaneCharge/sprng5/conftest.c:50: undefined reference to `foobar'
collect2: error: ld returned 1 exit status
configure:7116: $? = 1
configure: failed program was:
| /* confdefs.h */
| #define PACKAGE_NAME "sprng"
| #define PACKAGE_TARNAME "sprng"
| #define PACKAGE_VERSION "5"
| #define PACKAGE_STRING "sprng 5"
| #define PACKAGE_BUGREPORT ""
| #define PACKAGE_URL ""
| #define PACKAGE "sprng"
| #define VERSION "5"
| #define HAVE_LIBM 1
| #define STDC_HEADERS 1
| #define HAVE_SYS_TYPES_H 1
| #define HAVE_SYS_STAT_H 1
| #define HAVE_STDLIB_H 1
| #define HAVE_STRING_H 1
| #define HAVE_MEMORY_H 1
| #define HAVE_STRINGS_H 1
| #define HAVE_INTTYPES_H 1
| #define HAVE_STDINT_H 1
| #define HAVE_UNISTD_H 1
| #define HAVE_LIMITS_H 1
| #define HAVE_STDDEF_H 1
| #define HAVE_STDLIB_H 1
| #define HAVE_STRING_H 1
| #define HAVE_SYS_TIME_H 1
| #define SIZEOF_LONG_INT 8
| #define SIZEOF_INT_P 8
| #define SIZEOF_DOUBLE 8
| #define SIZEOF_FLOAT 4
| /* end confdefs.h.  */
| 
| /* Override any GCC internal prototype to avoid an error.
|    Use char because int might match the return type of a GCC
|    builtin and then its argument prototype would still apply.  */
| #ifdef __cplusplus
| extern "C"
| #endif
| char foobar ();
| #ifdef F77_DUMMY_MAIN
| 
| #  ifdef __cplusplus
|      extern "C"
| #  endif
|    int F77_DUMMY_MAIN() { return 1; }
| 
| #endif
| int
| main ()
| {
| return foobar ();
|   ;
|   return 0;
| }
configure:7116: gcc -o conftest -g -O2   conftest.c cfortran_test.o -lm   -L/usr/lib/x86_64-linux-gnu -L/usr/lib/gcc/x86_64-linux-gnu/9 -L/usr/lib/gcc/x86_64-linux-gnu/9/../../../x86_64-linux-gnu -L/usr/lib/gcc/x86_64-linux-gnu/9/../../../../lib -L/lib/x86_64-linux-gnu -L/lib/../lib -L/usr/lib/../lib -L/usr/lib/gcc/x86_64-linux-gnu/9/../../.. -lmpichfort -lmpich -lgfortran -lm -lquadmath >&5
configure:7116: $? = 0
configure:7174: gcc -o conftest -g -O2   conftest.c cfortran_test.o -lm   -L/usr/lib/x86_64-linux-gnu -L/usr/lib/gcc/x86_64-linux-gnu/9 -L/usr/lib/gcc/x86_64-linux-gnu/9/../../../x86_64-linux-gnu -L/usr/lib/gcc/x86_64-linux-gnu/9/../../../../lib -L/lib/x86_64-linux-gnu -L/lib/../lib -L/usr/lib/../lib -L/usr/lib/gcc/x86_64-linux-gnu/9/../../.. -lmpichfort -lmpich -lgfortran -lm -lquadmath >&5
configure:7174: $? = 0
configure:7216: result: lower case, underscore, no extra underscore
configure:7286: checking for stdbool.h that conforms to C99
configure:7361: gcc -c -g -O2  conftest.c >&5
configure:7361: $? = 0
configure:7368: result: yes
configure:7370: checking for _Bool
configure:7370: gcc -c -g -O2  conftest.c >&5
configure:7370: $? = 0
configure:7370: gcc -c -g -O2  conftest.c >&5
conftest.c: In function 'main':
conftest.c:77:20: error: expected expression before ')' token
   77 | if (sizeof ((_Bool)))
      |                    ^
configure:7370: $? = 1
configure: failed program was:
| /* confdefs.h */
| #define PACKAGE_NAME "sprng"
| #define PACKAGE_TARNAME "sprng"
| #define PACKAGE_VERSION "5"
| #define PACKAGE_STRING "sprng 5"
| #define PACKAGE_BUGREPORT ""
| #define PACKAGE_URL ""
| #define PACKAGE "sprng"
| #define VERSION "5"
| #define HAVE_LIBM 1
| #define STDC_HEADERS 1
| #define HAVE_SYS_TYPES_H 1
| #define HAVE_SYS_STAT_H 1
| #define HAVE_STDLIB_H 1
| #define HAVE_STRING_H 1
| #define HAVE_MEMORY_H 1
| #define HAVE_STRINGS_H 1
| #define HAVE_INTTYPES_H 1
| #define HAVE_STDINT_H 1
| #define HAVE_UNISTD_H 1
| #define HAVE_LIMITS_H 1
| #define HAVE_STDDEF_H 1
| #define HAVE_STDLIB_H 1
| #define HAVE_STRING_H 1
| #define HAVE_SYS_TIME_H 1
| #define SIZEOF_LONG_INT 8
| #define SIZEOF_INT_P 8
| #define SIZEOF_DOUBLE 8
| #define SIZEOF_FLOAT 4
| #define F77_FUNC(name,NAME) name ## _
| #define F77_FUNC_(name,NAME) name ## _
| /* end confdefs.h.  */
| #include <stdio.h>
| #ifdef HAVE_SYS_TYPES_H
| # include <sys/types.h>
| #endif
| #ifdef HAVE_SYS_STAT_H
| # include <sys/stat.h>
| #endif
| #ifdef STDC_HEADERS
| # include <stdlib.h>
| # include <stddef.h>
| #else
| # ifdef HAVE_STDLIB_H
| #  include <stdlib.h>
| # endif
| #endif
| #ifdef HAVE_STRING_H
| # if !defined STDC_HEADERS && defined HAVE_MEMORY_H
| #  include <memory.h>
| # endif
| # include <string.h>
| #endif
| #ifdef HAVE_STRINGS_H
| # include <strings.h>
| #endif
| #ifdef HAVE_INTTYPES_H
| # include <inttypes.h>
| #endif
| #ifdef HAVE_STDINT_H
| # include <stdint.h>
| #endif
| #ifdef HAVE_UNISTD_H
| # include <unistd.h>
| #endif
| #ifdef F77_DUMMY_MAIN
| 
| #  ifdef __cplusplus
|      extern "C"
| #  endif
|    int F77_DUMMY_MAIN() { return 1; }
| 
| #endif
| int
| main ()
| {
| if (sizeof ((_Bool)))
| 	    return 0;
|   ;
|   return 0;
| }
configure:7370: result: yes
configure:7387: checking for an ANSI C-conforming const
configure:7461: gcc -c -g -O2  conftest.c >&5
configure:7461: $? = 0
configure:7468: result: yes
configure:7476: checking for inline
configure:7492: gcc -c -g -O2  conftest.c >&5
configure:7492: $? = 0
configure:7500: result: inline
configure:7518: checking for size_t
configure:7518: gcc -c -g -O2  conftest.c >&5
configure:7518: $? = 0
configure:7518: gcc -c -g -O2  conftest.c >&5
conftest.c: In function 'main':
conftest.c:79:21: error: expected expression before ')' token
   79 | if (sizeof ((size_t)))
      |                     ^
configure:7518: $? = 1
configure: failed program was:
| /* confdefs.h */
| #define PACKAGE_NAME "sprng"
| #define PACKAGE_TARNAME "sprng"
| #define PACKAGE_VERSION "5"
| #define PACKAGE_STRING "sprng 5"
| #define PACKAGE_BUGREPORT ""
| #define PACKAGE_URL ""
| #define PACKAGE "sprng"
| #define VERSION "5"
| #define HAVE_LIBM 1
| #define STDC_HEADERS 1
| #define HAVE_SYS_TYPES_H 1
| #define HAVE_SYS_STAT_H 1
| #define HAVE_STDLIB_H 1
| #define HAVE_STRING_H 1
| #define HAVE_MEMORY_H 1
| #define HAVE_STRINGS_H 1
| #define HAVE_INTTYPES_H 1
| #define HAVE_STDINT_H 1
| #define HAVE_UNISTD_H 1
| #define HAVE_LIMITS_H 1
| #define HAVE_STDDEF_H 1
| #define HAVE_STDLIB_H 1
| #define HAVE_STRING_H 1
| #define HAVE_SYS_TIME_H 1
| #define SIZEOF_LONG_INT 8
| #define SIZEOF_INT_P 8
| #define SIZEOF_DOUBLE 8
| #define SIZEOF_FLOAT 4
| #define F77_FUNC(name,NAME) name ## _
| #define F77_FUNC_(name,NAME) name ## _
| #define HAVE__BOOL 1
| #define HAVE_STDBOOL_H 1
| /* end confdefs.h.  */
| #include <stdio.h>
| #ifdef HAVE_SYS_TYPES_H
| # include <sys/types.h>
| #endif
| #ifdef HAVE_SYS_STAT_H
| # include <sys/stat.h>
| #endif
| #ifdef STDC_HEADERS
| # include <stdlib.h>
| # include <stddef.h>
| #else
| # ifdef HAVE_STDLIB_H
| #  include <stdlib.h>
| # endif
| #endif
| #ifdef HAVE_STRING_H
| # if !defined STDC_HEADERS && defined HAVE_MEMORY_H
| #  include <memory.h>
| # endif
| # include <string.h>
| #endif
| #ifdef HAVE_STRINGS_H
| # include <strings.h>
| #endif
| #ifdef HAVE_INTTYPES_H
| # include <inttypes.h>
| #endif
| #ifdef HAVE_STDINT_H
| # include <stdint.h>
| #endif
| #ifdef HAVE_UNISTD_H
| # include <unistd.h>
| #endif
| #ifdef F77_DUMMY_MAIN
| 
| #  ifdef __cplusplus
|      extern "C"
| #  endif
|    int F77_DUMMY_MAIN() { return 1; }
| 
| #endif
| int
| main ()
| {
| if (sizeof ((size_t)))
| 	    return 0;
|   ;
|   return 0;
| }
configure:7518: result: yes
configure:7529: checking whether struct tm is in sys/time.h or time.h
configure:7557: gcc -c -g -O2  conftest.c >&5
configure:7557: $? = 0
configure:7564: result: time.h
configure:7576: checking for stdlib.h
configure:7576: result: yes
configure:7586: checking for GNU libc compatible malloc
configure:7618: gcc -o conftest -g -O2   conftest.c -lm  >&5
configure:7618: $? = 0
configure:7618: ./conftest
configure:7618: $? = 0
configure:7628: result: yes
configure:7649: checking for working memcmp
configure:7700: gcc -o conftest -g -O2   conftest.c -lm  >&5
configure:7700: $? = 0
configure:7700: ./conftest
configure:7700: $? = 0
configure:7710: result: yes
configure:7722: checking for memset
configure:7722: gcc -o conftest -g -O2   conftest.c -lm  >&5
conftest.c:60:6: warning: conflicting types for built-in function 'memset'; expected 'void *(void *, int,  long unsigned int)' [-Wbuiltin-declaration-mismatch]
   60 | char memset ();
      |      ^~~~~~
conftest.c:48:1: note: 'memset' is declared in header '<string.h>'
   47 | # include <limits.h>
   48 | #else
configure:7722: $? = 0
configure:7722: result: yes
configure:7722: checking for pow
configure:7722: gcc -o conftest -g -O2   conftest.c -lm  >&5
conftest.c:61:6: warning: conflicting types for built-in function 'pow'; expected 'double(double,  double)' [-Wbuiltin-declaration-mismatch]
   61 | char pow ();
      |      ^~~
conftest.c:49:1: note: 'pow' is declared in header '<math.h>'
   48 | # include <limits.h>
   49 | #else
configure:7722: $? = 0
configure:7722: result: yes
configure:7722: checking for sqrt
configure:7722: gcc -o conftest -g -O2   conftest.c -lm  >&5
conftest.c:62:6: warning: conflicting types for built-in function 'sqrt'; expected 'double(double)' [-Wbuiltin-declaration-mismatch]
   62 | char sqrt ();
      |      ^~~~
conftest.c:50:1: note: 'sqrt' is declared in header '<math.h>'
   49 | # include <limits.h>
   50 | #else
configure:7722: $? = 0
configure:7722: result: yes
configure:7835: checking that generated files are newer than configure
configure:7841: result: done
configure:7885: creating ./config.status

## ---------------------- ##
## Running config.status. ##
## ---------------------- ##

This file was extended by sprng config.status 5, which was
generated by GNU Autoconf 2.69.  Invocation command line was

  CONFIG_FILES    = 
  CONFIG_HEADERS  = 
  CONFIG_LINKS    = 
  CONFIG_COMMANDS = 
  $ ./config.status 

on DESKTOP-KG5JT97

config.status:959: creating Makefile
config.status:959: creating include/Makefile
config.status:959: creating lib/Makefile
config.status:959: creating SRC/Makefile
config.status:959: creating SRC/cmrg/Makefile
config.status:959: creating SRC/lcg/Makefile
config.status:959: creating SRC/lcg64/Makefile
config.status:959: creating SRC/lfg/Makefile
config.status:959: creating SRC/mlfg/Makefile
config.status:959: creating SRC/pmlcg/Makefile
config.status:959: creating check/Makefile
config.status:959: creating check/lcg/Makefile
config.status:959: creating check/lcg/F77/Makefile
config.status:959: creating check/lfg/Makefile
config.status:959: creating check/lfg/F77/Makefile
config.status:959: creating check/mlfg/Makefile
config.status:959: creating check/mlfg/F77/Makefile
config.status:959: creating check/cmrg/Makefile
config.status:959: creating check/cmrg/F77/Makefile
config.status:959: creating check/lcg64/Makefile
config.status:959: creating check/lcg64/F77/Makefile
config.status:959: creating check/pmlcg/Makefile
config.status:959: creating check/pmlcg/F77/Makefile
config.status:959: creating TESTS/Makefile
config.status:959: creating TESTS/mpitests/Makefile
config.status:959: creating TESTS/testu01/Makefile
config.status:959: creating EXAMPLES/Makefile
config.status:959: creating EXAMPLES/mpisprng/Makefile
config.status:959: creating EXAMPLES/F77/Makefile
config.status:959: creating config.h
config.status:1219: executing depfiles commands

## ---------------- ##
## Cache variables. ##
## ---------------- ##

ac_cv_build=x86_64-pc-linux-gnu
ac_cv_c_bigendian=no
ac_cv_c_compiler_gnu=yes
ac_cv_c_const=yes
ac_cv_c_inline=inline
ac_cv_cxx_compiler_gnu=yes
ac_cv_env_CCC_set=
ac_cv_env_CCC_value=
ac_cv_env_CC_set=
ac_cv_env_CC_value=
ac_cv_env_CFLAGS_set=
ac_cv_env_CFLAGS_value=
ac_cv_env_CPPFLAGS_set=
ac_cv_env_CPPFLAGS_value=
ac_cv_env_CPP_set=
ac_cv_env_CPP_value=
ac_cv_env_CXXFLAGS_set=
ac_cv_env_CXXFLAGS_value=
ac_cv_env_CXX_set=
ac_cv_env_CXX_value=
ac_cv_env_F77_set=
ac_cv_env_F77_value=
ac_cv_env_FFLAGS_set=
ac_cv_env_FFLAGS_value=
ac_cv_env_LDFLAGS_set=
ac_cv_env_LDFLAGS_value=
ac_cv_env_LIBS_set=
ac_cv_env_LIBS_value=
ac_cv_env_MPICXX_set=
ac_cv_env_MPICXX_value=
ac_cv_env_MPIF77_set=
ac_cv_env_MPIF77_value=
ac_cv_env_build_alias_set=
ac_cv_env_build_alias_value=
ac_cv_env_host_alias_set=
ac_cv_env_host_alias_value=
ac_cv_env_target_alias_set=
ac_cv_env_target_alias_value=
ac_cv_f77_compiler_gnu=yes
ac_cv_f77_dummy_main=none
ac_cv_f77_libs=' -L/usr/lib/x86_64-linux-gnu -L/usr/lib/gcc/x86_64-linux-gnu/9 -L/usr/lib/gcc/x86_64-linux-gnu/9/../../../x86_64-linux-gnu -L/usr/lib/gcc/x86_64-linux-gnu/9/../../../../lib -L/lib/x86_64-linux-gnu -L/lib/../lib -L/usr/lib/../lib -L/usr/lib/gcc/x86_64-linux-gnu/9/../../.. -lmpichfort -lmpich -lgfortran -lm -lquadmath'
ac_cv_f77_mangling='lower case, underscore, no extra underscore'
ac_cv_fortran_dummy_main=none
ac_cv_func_dzfft2dui=no
ac_cv_func_malloc_0_nonnull=yes
ac_cv_func_memcmp_working=yes
ac_cv_func_memset=yes
ac_cv_func_pow=yes
ac_cv_func_sqrt=yes
ac_cv_header_fft_h=no
ac_cv_header_inttypes_h=yes
ac_cv_header_limits_h=yes
ac_cv_header_memory_h=yes
ac_cv_header_stdbool_h=yes
ac_cv_header_stdc=yes
ac_cv_header_stddef_h=yes
ac_cv_header_stdint_h=yes
ac_cv_header_stdlib_h=yes
ac_cv_header_string_h=yes
ac_cv_header_strings_h=yes
ac_cv_header_sys_stat_h=yes
ac_cv_header_sys_time_h=yes
ac_cv_header_sys_types_h=yes
ac_cv_header_unistd_h=yes
ac_cv_host=x86_64-pc-linux-gnu
ac_cv_lib_m_main=yes
ac_cv_objext=o
ac_cv_path_BASH=/bin/bash
ac_cv_path_EGREP='/usr/bin/grep -E'
ac_cv_path_GREP=/usr/bin/grep
ac_cv_path_install='/usr/bin/install -c'
ac_cv_path_mkdir=/usr/bin/mkdir
ac_cv_prog_AWK=gawk
ac_cv_prog_CPP='gcc -E'
ac_cv_prog_ac_ct_CC=gcc
ac_cv_prog_ac_ct_CXX=mpic++
ac_cv_prog_ac_ct_F77=mpif77
ac_cv_prog_ac_ct_RANLIB=ranlib
ac_cv_prog_cc_c89=
ac_cv_prog_cc_g=yes
ac_cv_prog_cxx_g=yes
ac_cv_prog_f77_g=yes
ac_cv_prog_f77_v=-v
ac_cv_prog_make_make_set=yes
ac_cv_sizeof_double=8
ac_cv_sizeof_float=4
ac_cv_sizeof_int_p=8
ac_cv_sizeof_long_int=8
ac_cv_struct_tm=time.h
ac_cv_target=x86_64-pc-linux-gnu
ac_cv_type__Bool=yes
ac_cv_type_size_t=yes
am_cv_CC_dependencies_compiler_type=gcc3
am_cv_CXX_dependencies_compiler_type=gcc3
am_cv_make_support_nested_variables=yes
am_cv_prog_cc_c_o=yes

## ----------------- ##
## Output variables. ##
## ----------------- ##

ACLOCAL='${SHELL} /mnt/c/Users/jinse/CLionProjects/InfiniteParallelPlaneCharge/sprng5/missing aclocal-1.15'
AMDEPBACKSLASH='\'
AMDEP_FALSE='#'
AMDEP_TRUE=''
AMTAR='$${TAR-tar}'
AM_BACKSLASH='\'
AM_DEFAULT_V='$(AM_DEFAULT_VERBOSITY)'
AM_DEFAULT_VERBOSITY='1'
AM_V='$(V)'
AUTOCONF='${SHELL} /mnt/c/Users/jinse/CLionProjects/InfiniteParallelPlaneCharge/sprng5/missing autoconf'
AUTOHEADER='${SHELL} /mnt/c/Users/jinse/CLionProjects/InfiniteParallelPlaneCharge/sprng5/missing autoheader'
AUTOMAKE='${SHELL} /mnt/c/Users/jinse/CLionProjects/InfiniteParallelPlaneCharge/sprng5/missing automake-1.15'
AWK='gawk'
BASH='/bin/bash'
CC='gcc'
CCDEPMODE='depmode=gcc3'
CFLAGS='-g -O2'
CPP='gcc -E'
CPPFLAGS=''
CXX='mpic++'
CXXDEPMODE='depmode=gcc3'
CXXFLAGS='-g -O2 -Wno-deprecated -DLONG64=long'
CYGPATH_W='echo'
DEFS='-DHAVE_CONFIG_H'
DEPDIR='.deps'
ECHO_C=''
ECHO_N='-n'
ECHO_T=''
EGREP='/usr/bin/grep -E'
EXEEXT=''
F77='mpif77'
FFLAGS='-g -O2'
FFPSIZE='-DPOINTER_SIZE=8 -DLONG64=long -DINTEGER_STAR_8'
FFT_FALSE=''
FFT_TRUE='#'
FLIBS=' -L/usr/lib/x86_64-linux-gnu -L/usr/lib/gcc/x86_64-linux-gnu/9 -L/usr/lib/gcc/x86_64-linux-gnu/9/../../../x86_64-linux-gnu -L/usr/lib/gcc/x86_64-linux-gnu/9/../../../../lib -L/lib/x86_64-linux-gnu -L/lib/../lib -L/usr/lib/../lib -L/usr/lib/gcc/x86_64-linux-gnu/9/../../.. -lmpichfort -lmpich -lgfortran -lm -lquadmath'
FMANGLE=''
FORTRANDIR='F77'
GREP='/usr/bin/grep'
INSTALL_DATA='${INSTALL} -m 644'
INSTALL_PROGRAM='${INSTALL}'
INSTALL_SCRIPT='${INSTALL}'
INSTALL_STRIP_PROGRAM='$(install_sh) -c -s'
LDFLAGS=''
LIBOBJS=''
LIBS='-lm '
LTLIBOBJS=''
MAKEINFO='${SHELL} /mnt/c/Users/jinse/CLionProjects/InfiniteParallelPlaneCharge/sprng5/missing makeinfo'
MKDIR_P='/usr/bin/mkdir -p'
MPICXX=''
MPIF77=''
MPI_DEF='-DSPRNG_MPI'
OBJEXT='o'
PACKAGE='sprng'
PACKAGE_BUGREPORT=''
PACKAGE_NAME='sprng'
PACKAGE_STRING='sprng 5'
PACKAGE_TARNAME='sprng'
PACKAGE_URL=''
PACKAGE_VERSION='5'
PATH_SEPARATOR=':'
RANLIB='ranlib'
SET_MAKE=''
SHELL='/bin/bash'
STRIP=''
TESTU01_INCDIR=''
TESTU01_LIBDIR=''
USE_MPI_FALSE='#'
USE_MPI_TRUE=''
USE_TESTU01_FALSE=''
USE_TESTU01_TRUE='#'
VERSION='5'
ac_ct_CC='gcc'
ac_ct_CXX='mpic++'
ac_ct_F77='mpif77'
am__EXEEXT_FALSE=''
am__EXEEXT_TRUE='#'
am__fastdepCC_FALSE='#'
am__fastdepCC_TRUE=''
am__fastdepCXX_FALSE='#'
am__fastdepCXX_TRUE=''
am__include='include'
am__isrc=''
am__leading_dot='.'
am__nodep='_no'
am__quote=''
am__tar='$${TAR-tar} chof - "$$tardir"'
am__untar='$${TAR-tar} xf -'
bindir='${exec_prefix}/bin'
build='x86_64-pc-linux-gnu'
build_alias=''
build_cpu='x86_64'
build_os='linux-gnu'
build_vendor='pc'
compile_FORTRAN_FALSE=''
compile_FORTRAN_TRUE='#'
datadir='${datarootdir}'
datarootdir='${prefix}/share'
docdir='${datarootdir}/doc/${PACKAGE_TARNAME}'
dvidir='${docdir}'
exec_prefix='${prefix}'
host='x86_64-pc-linux-gnu'
host_alias=''
host_cpu='x86_64'
host_os='linux-gnu'
host_vendor='pc'
htmldir='${docdir}'
includedir='${prefix}/include'
infodir='${datarootdir}/info'
install_sh='${SHELL} /mnt/c/Users/jinse/CLionProjects/InfiniteParallelPlaneCharge/sprng5/install-sh'
libdir='${exec_prefix}/lib'
libexecdir='${exec_prefix}/libexec'
localedir='${datarootdir}/locale'
localstatedir='${prefix}/var'
mandir='${datarootdir}/man'
mkdir_p='$(MKDIR_P)'
oldincludedir='/usr/include'
pdfdir='${docdir}'
prefix='/usr/local'
program_transform_name='s,x,x,'
psdir='${docdir}'
runstatedir='${localstatedir}/run'
sbindir='${exec_prefix}/sbin'
sharedstatedir='${prefix}/com'
sprng_cxxflags=''
sprng_fflags=''
sysconfdir='${prefix}/etc'
target='x86_64-pc-linux-gnu'
target_alias=''
target_cpu='x86_64'
target_os='linux-gnu'
target_vendor='pc'

## ----------- ##
## confdefs.h. ##
## ----------- ##

/* confdefs.h */
#define PACKAGE_NAME "sprng"
#define PACKAGE_TARNAME "sprng"
#define PACKAGE_VERSION "5"
#define PACKAGE_STRING "sprng 5"
#define PACKAGE_BUGREPORT ""
#define PACKAGE_URL ""
#define PACKAGE "sprng"
#define VERSION "5"
#define HAVE_LIBM 1
#define STDC_HEADERS 1
#define HAVE_SYS_TYPES_H 1
#define HAVE_SYS_STAT_H 1
#define HAVE_STDLIB_H 1
#define HAVE_STRING_H 1
#define HAVE_MEMORY_H 1
#define HAVE_STRINGS_H 1
#define HAVE_INTTYPES_H 1
#define HAVE_STDINT_H 1
#define HAVE_UNISTD_H 1
#define HAVE_LIMITS_H 1
#define HAVE_STDDEF_H 1
#define HAVE_STDLIB_H 1
#define HAVE_STRING_H 1
#define HAVE_SYS_TIME_H 1
#define SIZEOF_LONG_INT 8
#define SIZEOF_INT_P 8
#define SIZEOF_DOUBLE 8
#define SIZEOF_FLOAT 4
#define F77_FUNC(name,NAME) name ## _
#define F77_FUNC_(name,NAME) name ## _
#define HAVE__BOOL 1
#define HAVE_STDBOOL_H 1
#define HAVE_STDLIB_H 1
#define HAVE_MALLOC 1
#define HAVE_MEMSET 1
#define HAVE_POW 1
#define HAVE_SQRT 1

configure: exit 0
